<?xml version="1.0" encoding="UTF-8"?>
<!-- Generated by org.testng.reporters.JUnitReportReporter -->
<testsuite skipped="0" hostname="DESKTOP-2JS65P6" name="FirstScripts.TripAdvisor" tests="1" failures="0" timestamp="02 Jul 2018 07:19:00 GMT" time="0.006" errors="0">
  <testcase name="testCal" time="0.006" classname="FirstScripts.TripAdvisor"/>
</testsuite> <!-- FirstScripts.TripAdvisor -->
