<?xml version="1.0" encoding="UTF-8"?>
<!-- Generated by org.testng.reporters.JUnitReportReporter -->
<testsuite skipped="0" hostname="DESKTOP-2JS65P6" name="FirstScripts.FiosMain" tests="1" failures="0" timestamp="02 Jul 2018 10:10:09 GMT" time="37.166" errors="0">
  <testcase name="testCal" time="37.166" classname="FirstScripts.FiosMain"/>
</testsuite> <!-- FirstScripts.FiosMain -->
