<?xml version="1.0" encoding="UTF-8"?>
<!-- Generated by org.testng.reporters.JUnitReportReporter -->
<testsuite skipped="0" hostname="DESKTOP-2JS65P6" name="FirstScripts.NewTest" tests="2" failures="0" timestamp="02 Jul 2018 11:23:44 GMT" time="0.017" errors="0">
  <testcase name="f" time="0.006" classname="FirstScripts.NewTest"/>
  <testcase name="f" time="0.011" classname="FirstScripts.NewTest"/>
</testsuite> <!-- FirstScripts.NewTest -->
