<?xml version="1.0" encoding="UTF-8"?>
<!-- Generated by org.testng.reporters.JUnitReportReporter -->
<testsuite skipped="0" hostname="DESKTOP-2JS65P6" name="FirstScripts.AmazonMen" tests="1" failures="0" timestamp="05 Jun 2018 07:18:47 GMT" time="28.136" errors="0">
  <testcase name="menSearch" time="28.136" classname="FirstScripts.AmazonMen"/>
</testsuite> <!-- FirstScripts.AmazonMen -->
