<?xml version="1.0" encoding="UTF-8"?>
<!-- Generated by org.testng.reporters.JUnitReportReporter -->
<testsuite skipped="1" hostname="DESKTOP-2JS65P6" name="FirstScripts.TripAdvisorImplementation" tests="2" failures="0" timestamp="02 Jul 2018 06:05:55 GMT" time="60.732" errors="1">
  <testcase name="launchApp" time="60.732" classname="FirstScripts.TripAdvisorImplementation">
    <error type="org.openqa.selenium.WebDriverException" message="An unknown server-side error occurred while processing the command. Original error: Cannot start the &#039;com.tripadvisor.tripadvisor&#039; application. Original error: Error executing adbExec. Original error: &#039;Command &#039;D\:\\Android\\sdk\\platform-tools\\adb.exe -P 5037 -s emulator-5554 shell am start -W -n com.tripadvisor.tripadvisor/com.tripadvisor.android.lib.tamobile.onboarding.OnboardingActivity -S -a android.intent.action.MAIN -c android.intent.category.LAUNCHER -f 0x10200000&#039; exited with code 4294967295&#039;; Stderr: &#039;Security exception: Permission Denial: starting Intent { act=android.intent.action.MAIN cat=[android.intent.category.LAUNCHER] flg=0x10200000 cmp=com.tripadvisor.tripadvisor/com.tripadvisor.android.lib.tamobile.onboarding.OnboardingActivity } from null (pid=13600, uid=2000) not exported from uid 10079

java.lang.SecurityException: Permission Denial: starting Intent { act=android.intent.action.MAIN cat=[android.intent.category.LAUNCHER] flg=0x10200000 cmp=com.tripadvisor.tripadvisor/com.tripadvisor.android.lib.tamobile.onboarding.OnboardingActivity } from null (pid=13600, uid=2000) not exported from uid 10079
	at com.android.server.am.ActivityStackSupervisor.checkStartAnyActivityPermission(ActivityStackSupervisor.java:1632)
	at com.android.server.am.ActivityStarter.startActivity(ActivityStarter.java:438)
	at com.android.server.am.ActivityStarter.startActivityLocked(ActivityStarter.java:278)
	at com.android.server.am.ActivityStarter.startActivityMayWait(ActivityStarter.java:817)
	at com.android.server.am.ActivityManagerService.startActivityAndWait(ActivityManagerService.java:4625)
	at com.android.server.am.ActivityManagerShellCommand.runStartActivity(ActivityManagerShellCommand.java:412)
	at com.android.server.am.ActivityManagerShellCommand.onCommand(ActivityManagerShellCommand.java:141)
	at android.os.ShellCommand.exec(ShellCommand.java:96)
	at com.android.server.am.ActivityManagerService.onShellCommand(ActivityManagerService.java:15014)
	at android.os.Binder.shellCommand(Binder.java:594)
	at android.os.Binder.onTransact(Binder.java:492)
	at android.app.IActivityManager$Stub.onTransact(IActivityManager.java:4243)
	at com.android.server.am.ActivityManagerService.onTransact(ActivityManagerService.java:2919)
	at android.os.Binder.execTransact(Binder.java:697)&#039;; Code: &#039;4294967295&#039; (WARNING: The server did not provide any stacktrace information)
Command duration or timeout: 56.22 seconds
Build info: version: &#039;3.11.0&#039;, revision: &#039;e59cfb3&#039;, time: &#039;2018-03-11T20:33:08.638Z&#039;
System info: host: &#039;DESKTOP-2JS65P6&#039;, ip: &#039;192.168.157.1&#039;, os.name: &#039;Windows 10&#039;, os.arch: &#039;amd64&#039;, os.version: &#039;10.0&#039;, java.version: &#039;1.8.0_131&#039;
Driver info: driver.version: RemoteWebDriver">
      <![CDATA[org.openqa.selenium.WebDriverException: An unknown server-side error occurred while processing the command. Original error: Cannot start the 'com.tripadvisor.tripadvisor' application. Original error: Error executing adbExec. Original error: 'Command 'D\:\\Android\\sdk\\platform-tools\\adb.exe -P 5037 -s emulator-5554 shell am start -W -n com.tripadvisor.tripadvisor/com.tripadvisor.android.lib.tamobile.onboarding.OnboardingActivity -S -a android.intent.action.MAIN -c android.intent.category.LAUNCHER -f 0x10200000' exited with code 4294967295'; Stderr: 'Security exception: Permission Denial: starting Intent { act=android.intent.action.MAIN cat=[android.intent.category.LAUNCHER] flg=0x10200000 cmp=com.tripadvisor.tripadvisor/com.tripadvisor.android.lib.tamobile.onboarding.OnboardingActivity } from null (pid=13600, uid=2000) not exported from uid 10079

java.lang.SecurityException: Permission Denial: starting Intent { act=android.intent.action.MAIN cat=[android.intent.category.LAUNCHER] flg=0x10200000 cmp=com.tripadvisor.tripadvisor/com.tripadvisor.android.lib.tamobile.onboarding.OnboardingActivity } from null (pid=13600, uid=2000) not exported from uid 10079
at com.android.server.am.ActivityStackSupervisor.checkStartAnyActivityPermission(ActivityStackSupervisor.java:1632)
at com.android.server.am.ActivityStarter.startActivity(ActivityStarter.java:438)
at com.android.server.am.ActivityStarter.startActivityLocked(ActivityStarter.java:278)
at com.android.server.am.ActivityStarter.startActivityMayWait(ActivityStarter.java:817)
at com.android.server.am.ActivityManagerService.startActivityAndWait(ActivityManagerService.java:4625)
at com.android.server.am.ActivityManagerShellCommand.runStartActivity(ActivityManagerShellCommand.java:412)
at com.android.server.am.ActivityManagerShellCommand.onCommand(ActivityManagerShellCommand.java:141)
at android.os.ShellCommand.exec(ShellCommand.java:96)
at com.android.server.am.ActivityManagerService.onShellCommand(ActivityManagerService.java:15014)
at android.os.Binder.shellCommand(Binder.java:594)
at android.os.Binder.onTransact(Binder.java:492)
at android.app.IActivityManager$Stub.onTransact(IActivityManager.java:4243)
at com.android.server.am.ActivityManagerService.onTransact(ActivityManagerService.java:2919)
at android.os.Binder.execTransact(Binder.java:697)'; Code: '4294967295' (WARNING: The server did not provide any stacktrace information)
Command duration or timeout: 56.22 seconds
Build info: version: '3.11.0', revision: 'e59cfb3', time: '2018-03-11T20:33:08.638Z'
System info: host: 'DESKTOP-2JS65P6', ip: '192.168.157.1', os.name: 'Windows 10', os.arch: 'amd64', os.version: '10.0', java.version: '1.8.0_131'
Driver info: driver.version: RemoteWebDriver
at sun.reflect.NativeConstructorAccessorImpl.newInstance0(Native Method)
at sun.reflect.NativeConstructorAccessorImpl.newInstance(NativeConstructorAccessorImpl.java:62)
at sun.reflect.DelegatingConstructorAccessorImpl.newInstance(DelegatingConstructorAccessorImpl.java:45)
at java.lang.reflect.Constructor.newInstance(Constructor.java:423)
at org.openqa.selenium.remote.ErrorHandler.createThrowable(ErrorHandler.java:214)
at org.openqa.selenium.remote.ErrorHandler.throwIfResponseFailed(ErrorHandler.java:166)
at org.openqa.selenium.remote.JsonWireProtocolResponse.lambda$new$0(JsonWireProtocolResponse.java:53)
at org.openqa.selenium.remote.JsonWireProtocolResponse.lambda$getResponseFunction$2(JsonWireProtocolResponse.java:91)
at org.openqa.selenium.remote.ProtocolHandshake.lambda$createSession$0(ProtocolHandshake.java:123)
at java.util.stream.ReferencePipeline$3$1.accept(ReferencePipeline.java:193)
at java.util.Spliterators$ArraySpliterator.tryAdvance(Spliterators.java:958)
at java.util.stream.ReferencePipeline.forEachWithCancel(ReferencePipeline.java:126)
at java.util.stream.AbstractPipeline.copyIntoWithCancel(AbstractPipeline.java:498)
at java.util.stream.AbstractPipeline.copyInto(AbstractPipeline.java:485)
at java.util.stream.AbstractPipeline.wrapAndCopyInto(AbstractPipeline.java:471)
at java.util.stream.FindOps$FindOp.evaluateSequential(FindOps.java:152)
at java.util.stream.AbstractPipeline.evaluate(AbstractPipeline.java:234)
at java.util.stream.ReferencePipeline.findFirst(ReferencePipeline.java:464)
at org.openqa.selenium.remote.ProtocolHandshake.createSession(ProtocolHandshake.java:126)
at org.openqa.selenium.remote.ProtocolHandshake.createSession(ProtocolHandshake.java:73)
at org.openqa.selenium.remote.HttpCommandExecutor.execute(HttpCommandExecutor.java:136)
at org.openqa.selenium.remote.RemoteWebDriver.execute(RemoteWebDriver.java:545)
at org.openqa.selenium.remote.RemoteWebDriver.startSession(RemoteWebDriver.java:209)
at org.openqa.selenium.remote.RemoteWebDriver.<init>(RemoteWebDriver.java:132)
at org.openqa.selenium.remote.RemoteWebDriver.<init>(RemoteWebDriver.java:145)
at FirstScripts.TripAdvisorImplementation.launchApp(TripAdvisorImplementation.java:29)
at sun.reflect.NativeMethodAccessorImpl.invoke0(Native Method)
at sun.reflect.NativeMethodAccessorImpl.invoke(NativeMethodAccessorImpl.java:62)
at sun.reflect.DelegatingMethodAccessorImpl.invoke(DelegatingMethodAccessorImpl.java:43)
at java.lang.reflect.Method.invoke(Method.java:498)
at org.testng.internal.MethodInvocationHelper.invokeMethod(MethodInvocationHelper.java:124)
at org.testng.internal.MethodInvocationHelper.invokeMethodConsideringTimeout(MethodInvocationHelper.java:59)
at org.testng.internal.Invoker.invokeConfigurationMethod(Invoker.java:458)
at org.testng.internal.Invoker.invokeConfigurations(Invoker.java:222)
at org.testng.internal.Invoker.invokeConfigurations(Invoker.java:142)
at org.testng.internal.TestMethodWorker.invokeBeforeClassMethods(TestMethodWorker.java:168)
at org.testng.internal.TestMethodWorker.run(TestMethodWorker.java:105)
at org.testng.TestRunner.privateRun(TestRunner.java:648)
at org.testng.TestRunner.run(TestRunner.java:505)
at org.testng.SuiteRunner.runTest(SuiteRunner.java:455)
at org.testng.SuiteRunner.runSequentially(SuiteRunner.java:450)
at org.testng.SuiteRunner.privateRun(SuiteRunner.java:415)
at org.testng.SuiteRunner.run(SuiteRunner.java:364)
at org.testng.SuiteRunnerWorker.runSuite(SuiteRunnerWorker.java:52)
at org.testng.SuiteRunnerWorker.run(SuiteRunnerWorker.java:84)
at org.testng.TestNG.runSuitesSequentially(TestNG.java:1208)
at org.testng.TestNG.runSuitesLocally(TestNG.java:1137)
at org.testng.TestNG.runSuites(TestNG.java:1049)
at org.testng.TestNG.run(TestNG.java:1017)
at org.testng.remote.AbstractRemoteTestNG.run(AbstractRemoteTestNG.java:114)
at org.testng.remote.RemoteTestNG.initAndRun(RemoteTestNG.java:251)
at org.testng.remote.RemoteTestNG.main(RemoteTestNG.java:77)
]]>
    </error>
  </testcase> <!-- launchApp -->
  <testcase name="testCal" time="0.000" classname="FirstScripts.TripAdvisorImplementation">
    <skipped/>
  </testcase> <!-- testCal -->
</testsuite> <!-- FirstScripts.TripAdvisorImplementation -->
