<?xml version="1.0" encoding="UTF-8"?>
<!-- Generated by org.testng.reporters.JUnitReportReporter -->
<testsuite skipped="0" hostname="DESKTOP-2JS65P6" name="FirstScripts.SolarisMain" tests="1" failures="0" timestamp="11 Jul 2018 07:49:30 GMT" time="54.553" errors="0">
  <testcase name="solaris" time="54.553" classname="FirstScripts.SolarisMain"/>
</testsuite> <!-- FirstScripts.SolarisMain -->
