<?xml version="1.0" encoding="UTF-8"?>
<!-- Generated by org.testng.reporters.JUnitReportReporter -->
<testsuite skipped="0" hostname="DESKTOP-2JS65P6" name="FirstScripts.Jabong" tests="1" failures="0" timestamp="20 Jun 2018 10:30:55 GMT" time="29.586" errors="0">
  <testcase name="jabongMain" time="29.586" classname="FirstScripts.Jabong"/>
</testsuite> <!-- FirstScripts.Jabong -->
