<?xml version="1.0" encoding="UTF-8"?>
<!-- Generated by org.testng.reporters.JUnitReportReporter -->
<testsuite skipped="0" hostname="DESKTOP-2JS65P6" name="amazonAssignment.Amazon" tests="6" failures="0" timestamp="19 Jul 2018 12:16:15 GMT" time="113.807" errors="0">
  <testcase name="searchAndAdd" time="19.119" classname="amazonAssignment.Amazon"/>
  <testcase name="searchAndAdd" time="19.210" classname="amazonAssignment.Amazon"/>
  <testcase name="searchAndAdd" time="24.009" classname="amazonAssignment.Amazon"/>
  <testcase name="searchAndAdd" time="20.547" classname="amazonAssignment.Amazon"/>
  <testcase name="amazonTestCasesExecution" time="29.273" classname="amazonAssignment.Amazon"/>
  <testcase name="signOut" time="1.649" classname="amazonAssignment.Amazon"/>
</testsuite> <!-- amazonAssignment.Amazon -->
